2023-06-20 00:19:43.895 [main] INFO  api.test.UserTests - ***********************  Creating User  ****************************
2023-06-20 00:19:47.691 [main] INFO  api.test.UserTests - ***********************  User is Created  ****************************
2023-06-20 00:19:47.714 [main] INFO  api.test.UserTests - ***********************  Reading User Info  ****************************
2023-06-20 00:19:48.957 [main] INFO  api.test.UserTests - ***********************  User Info is Displayed  ****************************
2023-06-20 00:19:48.982 [main] INFO  api.test.UserTests - ***********************  Updated User  ****************************
2023-06-20 00:19:50.245 [main] INFO  api.test.UserTests - ***********************  User is Upated ****************************
2023-06-20 00:19:51.481 [main] INFO  api.test.UserTests - ***********************  Deleting User  ****************************
2023-06-20 00:19:52.808 [main] INFO  api.test.UserTests - ***********************  User is deleted  ****************************
2023-06-22 17:06:08.805 [main] INFO  api.test.UserTests2 - ***********************  Creating User  ****************************
2023-06-22 17:06:13.055 [main] INFO  api.test.UserTests2 - ***********************  Reading User Info  ****************************
2023-06-22 17:06:14.695 [main] INFO  api.test.UserTests2 - ***********************  Updated User  ****************************
2023-06-22 17:06:15.974 [main] INFO  api.test.UserTests2 - ***********************  User is Upated ****************************
2023-06-22 17:06:17.289 [main] INFO  api.test.UserTests2 - ***********************  Deleting User  ****************************
2023-06-22 17:21:15.429 [main] INFO  api.test.UserTests2 - ***********************  Creating User  ****************************
2023-06-22 17:21:19.315 [main] INFO  api.test.UserTests2 - ***********************  Reading User Info  ****************************
2023-06-22 17:21:20.725 [main] INFO  api.test.UserTests2 - ***********************  Updated User  ****************************
2023-06-22 17:21:22.034 [main] INFO  api.test.UserTests2 - ***********************  User is Upated ****************************
2023-06-22 17:21:23.449 [main] INFO  api.test.UserTests2 - ***********************  Deleting User  ****************************
2023-06-22 17:22:02.222 [main] INFO  api.test.UserTests2 - ***********************  Creating User  ****************************
2023-06-22 17:22:06.047 [main] INFO  api.test.UserTests2 - ***********************  Reading User Info  ****************************
2023-06-22 17:22:07.353 [main] INFO  api.test.UserTests2 - ***********************  Updated User  ****************************
2023-06-22 17:22:08.712 [main] INFO  api.test.UserTests2 - ***********************  User is Upated ****************************
2023-06-22 17:22:10.069 [main] INFO  api.test.UserTests2 - ***********************  Deleting User  ****************************
2023-06-22 17:23:32.965 [main] INFO  api.test.UserTests2 - ***********************  Creating User  ****************************
2023-06-22 17:23:36.671 [main] INFO  api.test.UserTests2 - ***********************  Reading User Info  ****************************
2023-06-22 17:23:38.056 [main] INFO  api.test.UserTests2 - ***********************  Updated User  ****************************
2023-06-22 17:23:39.545 [main] INFO  api.test.UserTests2 - ***********************  User is Upated ****************************
2023-06-22 17:23:40.805 [main] INFO  api.test.UserTests2 - ***********************  Deleting User  ****************************
2023-06-22 17:24:59.195 [main] INFO  api.test.UserTests - ***********************  Creating User  ****************************
2023-06-22 17:25:03.278 [main] INFO  api.test.UserTests - ***********************  User is Created  ****************************
2023-06-22 17:25:03.305 [main] INFO  api.test.UserTests - ***********************  Reading User Info  ****************************
2023-06-22 17:25:04.574 [main] INFO  api.test.UserTests - ***********************  User Info is Displayed  ****************************
2023-06-22 17:25:04.585 [main] INFO  api.test.UserTests - ***********************  Updated User  ****************************
2023-06-22 17:25:05.866 [main] INFO  api.test.UserTests - ***********************  User is Upated ****************************
2023-06-22 17:25:07.253 [main] INFO  api.test.UserTests - ***********************  Deleting User  ****************************
2023-06-22 17:25:08.576 [main] INFO  api.test.UserTests - ***********************  User is deleted  ****************************
2023-06-22 17:56:57.264 [main] INFO  api.test.UserTests - ***********************  Creating User  ****************************
2023-06-22 17:57:01.062 [main] INFO  api.test.UserTests - ***********************  User is Created  ****************************
2023-06-22 17:57:01.085 [main] INFO  api.test.UserTests - ***********************  Reading User Info  ****************************
2023-06-22 17:57:02.497 [main] INFO  api.test.UserTests - ***********************  User Info is Displayed  ****************************
2023-06-22 17:57:02.504 [main] INFO  api.test.UserTests - ***********************  Updated User  ****************************
2023-06-22 17:57:03.772 [main] INFO  api.test.UserTests - ***********************  User is Upated ****************************
2023-06-22 17:57:05.255 [main] INFO  api.test.UserTests - ***********************  Deleting User  ****************************
2023-06-22 17:57:06.552 [main] INFO  api.test.UserTests - ***********************  User is deleted  ****************************
